  正在验证源
  正在将源远程复制到“121.36.246.157”
  正在验证体系结构
  正在验证体系结构
  正在启动远程生成
  正在编译源:
  http_conn.cpp
C:\Users\rownh\Documents\GitHub\httpServer\http_conn.cpp(153,53): warning : conversion to ‘int’ from ‘size_t {aka long unsigned int}’ may alter its value [-Wconversion]
C:\Users\rownh\Documents\GitHub\httpServer\http_conn.cpp(153,53): warning :                     add_headers(strlen(error_500_form));
C:\Users\rownh\Documents\GitHub\httpServer\http_conn.cpp(153,53): warning :                                                      ^
C:\Users\rownh\Documents\GitHub\httpServer\http_conn.cpp(161,46): warning : conversion to ‘int’ from ‘size_t {aka long unsigned int}’ may alter its value [-Wconversion]
C:\Users\rownh\Documents\GitHub\httpServer\http_conn.cpp(161,46): warning :              add_headers(strlen(error_400_form));
C:\Users\rownh\Documents\GitHub\httpServer\http_conn.cpp(161,46): warning :                                               ^
C:\Users\rownh\Documents\GitHub\httpServer\http_conn.cpp(169,46): warning : conversion to ‘int’ from ‘size_t {aka long unsigned int}’ may alter its value [-Wconversion]
C:\Users\rownh\Documents\GitHub\httpServer\http_conn.cpp(169,46): warning :              add_headers(strlen(error_404_form));
C:\Users\rownh\Documents\GitHub\httpServer\http_conn.cpp(169,46): warning :                                               ^
C:\Users\rownh\Documents\GitHub\httpServer\http_conn.cpp(177,46): warning : conversion to ‘int’ from ‘size_t {aka long unsigned int}’ may alter its value [-Wconversion]
C:\Users\rownh\Documents\GitHub\httpServer\http_conn.cpp(177,46): warning :              add_headers(strlen(error_403_form));
C:\Users\rownh\Documents\GitHub\httpServer\http_conn.cpp(177,46): warning :                                               ^
C:\Users\rownh\Documents\GitHub\httpServer\http_conn.cpp(186,48): warning : conversion to ‘int’ from ‘__off_t {aka long int}’ may alter its value [-Wconversion]
C:\Users\rownh\Documents\GitHub\httpServer\http_conn.cpp(186,48): warning :                  add_headers(m_file_stat.st_size);
C:\Users\rownh\Documents\GitHub\httpServer\http_conn.cpp(186,48): warning :                                                 ^
C:\Users\rownh\Documents\GitHub\httpServer\http_conn.cpp(197,45): warning : conversion to ‘int’ from ‘size_t {aka long unsigned int}’ may alter its value [-Wconversion]
C:\Users\rownh\Documents\GitHub\httpServer\http_conn.cpp(197,45): warning :                  add_headers(strlen(ok_string));
C:\Users\rownh\Documents\GitHub\httpServer\http_conn.cpp(197,45): warning :                                              ^
C:\Users\rownh\Documents\GitHub\httpServer\http_conn.cpp(234,45): warning : comparison between signed and unsigned integer expressions [-Wsign-compare]
C:\Users\rownh\Documents\GitHub\httpServer\http_conn.cpp(234,45): warning :      if(len>=(WRITE_BUFFER_SIZE-1-m_write_idx)){
C:\Users\rownh\Documents\GitHub\httpServer\http_conn.cpp(234,45): warning :                                              ^
C:\Users\rownh\Documents\GitHub\httpServer\http_conn.cpp(237,16): warning : conversion to ‘int’ from ‘size_t {aka long unsigned int}’ may alter its value [-Wconversion]
C:\Users\rownh\Documents\GitHub\httpServer\http_conn.cpp(237,16): warning :      m_write_idx+=len;
C:\Users\rownh\Documents\GitHub\httpServer\http_conn.cpp(237,16): warning :                 ^
C:\Users\rownh\Documents\GitHub\httpServer\http_conn.cpp(271,1): warning : no return statement in function returning non-void [-Wreturn-type]
C:\Users\rownh\Documents\GitHub\httpServer\http_conn.cpp(271,1): warning :  }
C:\Users\rownh\Documents\GitHub\httpServer\http_conn.cpp(271,1): warning :  ^
C:\Users\rownh\Documents\GitHub\httpServer\http_conn.cpp(279,85): warning : conversion to ‘int’ from ‘ssize_t {aka long int}’ may alter its value [-Wconversion]
C:\Users\rownh\Documents\GitHub\httpServer\http_conn.cpp(279,85): warning :          bytes_read=recv(m_socked,m_read_buf+m_read_idx,READ_BUFFER_SIZE-m_read_idx,0);
C:\Users\rownh\Documents\GitHub\httpServer\http_conn.cpp(279,85): warning :                                                                                      ^
C:\Users\rownh\Documents\GitHub\httpServer\http_conn.cpp(305,45): warning : conversion to ‘int’ from ‘ssize_t {aka long int}’ may alter its value [-Wconversion]
C:\Users\rownh\Documents\GitHub\httpServer\http_conn.cpp(305,45): warning :          temp=writev(m_socked,m_lv,m_iv_count);
C:\Users\rownh\Documents\GitHub\httpServer\http_conn.cpp(305,45): warning :                                              ^
C:\Users\rownh\Documents\GitHub\httpServer\http_conn.cpp(479,52): warning : value computed is not used [-Wunused-value]
C:\Users\rownh\Documents\GitHub\httpServer\http_conn.cpp(479,52): warning :      strncpy(m_real_file+len,m_url,FILENAME_LEN-len)-1;
C:\Users\rownh\Documents\GitHub\httpServer\http_conn.cpp(479,52): warning :                                                     ^
  正在链接对象
  httpserver.vcxproj -> C:\Users\rownh\Documents\GitHub\httpServer\bin\x64\Debug\httpserver.out
